<?xml version="1.0" encoding="UTF-8"?>
<!-- Generated by org.testng.reporters.JUnitXMLReporter -->
<testsuite hostname="LP-PF1VMDKQ" ignored="0" name="Default test" tests="3" failures="0" timestamp="28 Mar 2021 06:04:50 GMT" time="3.934" errors="0">
  <testcase name="testSwitchTabPage" time="3.138" classname="test.SwitchTabTest"/>
  <testcase name="launchTab" time="0.161" classname="test.SwitchTabTest"/>
  <testcase name="launchChildWindow" time="0.612" classname="test.SwitchTabTest"/>
</testsuite> <!-- Default test -->
